<?xml version="1.0" encoding="UTF-8"?>
<!-- Generated by org.testng.reporters.JUnitXMLReporter -->
<testsuite ignored="0" hostname="MSI" failures="1" tests="5" name="Test" time="73.474" errors="0" timestamp="2023-01-28T18:02:40 IST">
  <testcase classname="Com.Ecommerce.TestCases.TC_LoginDataTestCase" name="Logindata" time="9.847">
    <failure type="java.lang.AssertionError" message="expected [true] but found [false]">
      <![CDATA[java.lang.AssertionError: expected [true] but found [false]
at Com.Ecommerce.TestCases.TC_LoginDataTestCase.Logindata(TC_LoginDataTestCase.java:44)
at java.base/java.util.ArrayList.forEach(ArrayList.java:1511)
... Removed 29 stack frames]]>
    </failure>
  </testcase> <!-- Logindata -->
  <testcase classname="Com.Ecommerce.TestCases.TC_LoginDataTestCase" name="Logindata" time="9.885"/>
  <testcase classname="Com.Ecommerce.TestCases.TC_LoginDataTestCase" name="Logindata" time="9.702"/>
  <testcase classname="Com.Ecommerce.TestCases.TC_LoginDataTestCase" name="Logindata" time="9.756"/>
  <testcase classname="Com.Ecommerce.TestCases.TC_LoginDataTestCase" name="Logindata" time="9.087"/>
</testsuite> <!-- Test -->
